<?xml version="1.0" encoding="UTF-8"?>
<coverage generated="1651746825689" clover="3.2.0">
  <project timestamp="1651746825689" name="All files">
    <metrics statements="17" coveredstatements="14" conditionals="0" coveredconditionals="0" methods="7" coveredmethods="5" elements="24" coveredelements="19" complexity="0" loc="17" ncloc="17" packages="1" files="5" classes="5"/>
    <file name="getCommand.js" path="/Users/wildmango/PhpstormProjects/MTI-STIN/Bot/js/functions/getCommand.js">
      <metrics statements="2" coveredstatements="2" conditionals="0" coveredconditionals="0" methods="1" coveredmethods="1"/>
      <line num="2" count="1" type="stmt"/>
      <line num="5" count="1" type="stmt"/>
    </file>
    <file name="getCourse.js" path="/Users/wildmango/PhpstormProjects/MTI-STIN/Bot/js/functions/getCourse.js">
      <metrics statements="8" coveredstatements="5" conditionals="0" coveredconditionals="0" methods="3" coveredmethods="1"/>
      <line num="1" count="1" type="stmt"/>
      <line num="2" count="1" type="stmt"/>
      <line num="4" count="1" type="stmt"/>
      <line num="11" count="1" type="stmt"/>
      <line num="12" count="0" type="stmt"/>
      <line num="15" count="0" type="stmt"/>
      <line num="16" count="0" type="stmt"/>
      <line num="22" count="1" type="stmt"/>
    </file>
    <file name="getHelp.js" path="/Users/wildmango/PhpstormProjects/MTI-STIN/Bot/js/functions/getHelp.js">
      <metrics statements="2" coveredstatements="2" conditionals="0" coveredconditionals="0" methods="1" coveredmethods="1"/>
      <line num="2" count="1" type="stmt"/>
      <line num="5" count="1" type="stmt"/>
    </file>
    <file name="getName.js" path="/Users/wildmango/PhpstormProjects/MTI-STIN/Bot/js/functions/getName.js">
      <metrics statements="2" coveredstatements="2" conditionals="0" coveredconditionals="0" methods="1" coveredmethods="1"/>
      <line num="2" count="1" type="stmt"/>
      <line num="5" count="1" type="stmt"/>
    </file>
    <file name="getTime.js" path="/Users/wildmango/PhpstormProjects/MTI-STIN/Bot/js/functions/getTime.js">
      <metrics statements="3" coveredstatements="3" conditionals="0" coveredconditionals="0" methods="1" coveredmethods="1"/>
      <line num="2" count="1" type="stmt"/>
      <line num="3" count="1" type="stmt"/>
      <line num="6" count="1" type="stmt"/>
    </file>
  </project>
</coverage>
