{"/Users/wildmango/PhpstormProjects/MTI-STIN/Bot/js/functions/getHelp.js": {"path":"/Users/wildmango/PhpstormProjects/MTI-STIN/Bot/js/functions/getHelp.js","statementMap":{"0":{"start":{"line":2,"column":4},"end":{"line":2,"column":48}},"1":{"start":{"line":5,"column":0},"end":{"line":5,"column":25}}},"fnMap":{"0":{"name":"getHelp","decl":{"start":{"line":1,"column":9},"end":{"line":1,"column":16}},"loc":{"start":{"line":1,"column":19},"end":{"line":3,"column":1}},"line":1}},"branchMap":{},"s":{"0":1,"1":1},"f":{"0":1},"b":{},"_coverageSchema":"1a1c01bbd47fc00a2c39e90264f33305004495a9","hash":"1f178a2bb273f7c9fd6abf5986bd724b1884aeb8"}
,"/Users/wildmango/PhpstormProjects/MTI-STIN/Bot/js/functions/getName.js": {"path":"/Users/wildmango/PhpstormProjects/MTI-STIN/Bot/js/functions/getName.js","statementMap":{"0":{"start":{"line":2,"column":4},"end":{"line":2,"column":16}},"1":{"start":{"line":5,"column":0},"end":{"line":5,"column":25}}},"fnMap":{"0":{"name":"getName","decl":{"start":{"line":1,"column":9},"end":{"line":1,"column":16}},"loc":{"start":{"line":1,"column":19},"end":{"line":3,"column":1}},"line":1}},"branchMap":{},"s":{"0":1,"1":1},"f":{"0":1},"b":{},"_coverageSchema":"1a1c01bbd47fc00a2c39e90264f33305004495a9","hash":"a11fd748c0fc1ebb895606aa6a977da572bffc99"}
,"/Users/wildmango/PhpstormProjects/MTI-STIN/Bot/js/functions/getTime.js": {"path":"/Users/wildmango/PhpstormProjects/MTI-STIN/Bot/js/functions/getTime.js","statementMap":{"0":{"start":{"line":2,"column":17},"end":{"line":2,"column":27}},"1":{"start":{"line":3,"column":4},"end":{"line":3,"column":25}},"2":{"start":{"line":6,"column":0},"end":{"line":6,"column":25}}},"fnMap":{"0":{"name":"getTime","decl":{"start":{"line":1,"column":9},"end":{"line":1,"column":16}},"loc":{"start":{"line":1,"column":19},"end":{"line":4,"column":1}},"line":1}},"branchMap":{},"s":{"0":1,"1":1,"2":1},"f":{"0":1},"b":{},"_coverageSchema":"1a1c01bbd47fc00a2c39e90264f33305004495a9","hash":"84b16f081bc6b821e0ee7d3919a28a6d8b306730"}
}
