{"/Users/wildmango/PhpstormProjects/MTI-STIN/Bot/js/functions/getCommand.js": {"path":"/Users/wildmango/PhpstormProjects/MTI-STIN/Bot/js/functions/getCommand.js","statementMap":{"0":{"start":{"line":2,"column":4},"end":{"line":2,"column":63}},"1":{"start":{"line":5,"column":0},"end":{"line":5,"column":28}}},"fnMap":{"0":{"name":"getCommand","decl":{"start":{"line":1,"column":9},"end":{"line":1,"column":19}},"loc":{"start":{"line":1,"column":22},"end":{"line":3,"column":1}},"line":1}},"branchMap":{},"s":{"0":1,"1":1},"f":{"0":1},"b":{},"_coverageSchema":"1a1c01bbd47fc00a2c39e90264f33305004495a9","hash":"c56d1b4658fc0cece244ac93a84a7be9bb0195be"}
,"/Users/wildmango/PhpstormProjects/MTI-STIN/Bot/js/functions/getCourse.js": {"path":"/Users/wildmango/PhpstormProjects/MTI-STIN/Bot/js/functions/getCourse.js","statementMap":{"0":{"start":{"line":1,"column":18},"end":{"line":1,"column":31}},"1":{"start":{"line":2,"column":0},"end":{"line":2,"column":63}},"2":{"start":{"line":4,"column":23},"end":{"line":8,"column":1}},"3":{"start":{"line":11,"column":15},"end":{"line":11,"column":48}},"4":{"start":{"line":12,"column":4},"end":{"line":18,"column":10}},"5":{"start":{"line":15,"column":12},"end":{"line":17,"column":14}},"6":{"start":{"line":16,"column":16},"end":{"line":16,"column":83}},"7":{"start":{"line":22,"column":0},"end":{"line":22,"column":27}}},"fnMap":{"0":{"name":"getCourse","decl":{"start":{"line":10,"column":9},"end":{"line":10,"column":18}},"loc":{"start":{"line":10,"column":21},"end":{"line":20,"column":1}},"line":10},"1":{"name":"(anonymous_1)","decl":{"start":{"line":13,"column":14},"end":{"line":13,"column":15}},"loc":{"start":{"line":14,"column":8},"end":{"line":18,"column":9}},"line":14},"2":{"name":"(anonymous_2)","decl":{"start":{"line":15,"column":40},"end":{"line":15,"column":41}},"loc":{"start":{"line":15,"column":55},"end":{"line":17,"column":13}},"line":15}},"branchMap":{},"s":{"0":1,"1":1,"2":1,"3":1,"4":0,"5":0,"6":0,"7":1},"f":{"0":1,"1":0,"2":0},"b":{},"_coverageSchema":"1a1c01bbd47fc00a2c39e90264f33305004495a9","hash":"1bfa37110dc683acfbfa543cca835ac318382f49"}
,"/Users/wildmango/PhpstormProjects/MTI-STIN/Bot/js/functions/getHelp.js": {"path":"/Users/wildmango/PhpstormProjects/MTI-STIN/Bot/js/functions/getHelp.js","statementMap":{"0":{"start":{"line":2,"column":4},"end":{"line":2,"column":48}},"1":{"start":{"line":5,"column":0},"end":{"line":5,"column":25}}},"fnMap":{"0":{"name":"getHelp","decl":{"start":{"line":1,"column":9},"end":{"line":1,"column":16}},"loc":{"start":{"line":1,"column":19},"end":{"line":3,"column":1}},"line":1}},"branchMap":{},"s":{"0":1,"1":1},"f":{"0":1},"b":{},"_coverageSchema":"1a1c01bbd47fc00a2c39e90264f33305004495a9","hash":"1f178a2bb273f7c9fd6abf5986bd724b1884aeb8"}
,"/Users/wildmango/PhpstormProjects/MTI-STIN/Bot/js/functions/getName.js": {"path":"/Users/wildmango/PhpstormProjects/MTI-STIN/Bot/js/functions/getName.js","statementMap":{"0":{"start":{"line":2,"column":4},"end":{"line":2,"column":16}},"1":{"start":{"line":5,"column":0},"end":{"line":5,"column":25}}},"fnMap":{"0":{"name":"getName","decl":{"start":{"line":1,"column":9},"end":{"line":1,"column":16}},"loc":{"start":{"line":1,"column":19},"end":{"line":3,"column":1}},"line":1}},"branchMap":{},"s":{"0":1,"1":1},"f":{"0":1},"b":{},"_coverageSchema":"1a1c01bbd47fc00a2c39e90264f33305004495a9","hash":"a11fd748c0fc1ebb895606aa6a977da572bffc99"}
,"/Users/wildmango/PhpstormProjects/MTI-STIN/Bot/js/functions/getTime.js": {"path":"/Users/wildmango/PhpstormProjects/MTI-STIN/Bot/js/functions/getTime.js","statementMap":{"0":{"start":{"line":2,"column":17},"end":{"line":2,"column":27}},"1":{"start":{"line":3,"column":4},"end":{"line":3,"column":25}},"2":{"start":{"line":6,"column":0},"end":{"line":6,"column":25}}},"fnMap":{"0":{"name":"getTime","decl":{"start":{"line":1,"column":9},"end":{"line":1,"column":16}},"loc":{"start":{"line":1,"column":19},"end":{"line":4,"column":1}},"line":1}},"branchMap":{},"s":{"0":1,"1":1,"2":1},"f":{"0":1},"b":{},"_coverageSchema":"1a1c01bbd47fc00a2c39e90264f33305004495a9","hash":"84b16f081bc6b821e0ee7d3919a28a6d8b306730"}
}
