TN:
SF:Bot/js/functions/getCommand.js
FN:1,getCommand
FNF:1
FNH:1
FNDA:1,getCommand
DA:2,1
DA:5,1
LF:2
LH:2
BRF:0
BRH:0
end_of_record
TN:
SF:Bot/js/functions/getCourse.js
FN:10,getCourse
FN:13,(anonymous_1)
FN:15,(anonymous_2)
FNF:3
FNH:1
FNDA:1,getCourse
FNDA:0,(anonymous_1)
FNDA:0,(anonymous_2)
DA:1,1
DA:2,1
DA:4,1
DA:11,1
DA:12,0
DA:15,0
DA:16,0
DA:22,1
LF:8
LH:5
BRF:0
BRH:0
end_of_record
TN:
SF:Bot/js/functions/getHelp.js
FN:1,getHelp
FNF:1
FNH:1
FNDA:1,getHelp
DA:2,1
DA:5,1
LF:2
LH:2
BRF:0
BRH:0
end_of_record
TN:
SF:Bot/js/functions/getName.js
FN:1,getName
FNF:1
FNH:1
FNDA:1,getName
DA:2,1
DA:5,1
LF:2
LH:2
BRF:0
BRH:0
end_of_record
TN:
SF:Bot/js/functions/getTime.js
FN:1,getTime
FNF:1
FNH:1
FNDA:1,getTime
DA:2,1
DA:3,1
DA:6,1
LF:3
LH:3
BRF:0
BRH:0
end_of_record
